<?xml version="1.0" encoding="UTF-8"?>
<!-- Generated by org.testng.reporters.JUnitReportReporter -->
<testsuite hostname="HP-ENVY-X360-15" failures="0" tests="1" name="test.EX1" time="7.420" errors="0" timestamp="2023-08-13T23:27:51 EDT" skipped="0">
  <testcase classname="test.EX1" name="exigence1" time="7.420"/>
</testsuite> <!-- test.EX1 -->
