<?xml version="1.0" encoding="UTF-8"?>
<!-- Generated by org.testng.reporters.JUnitReportReporter -->
<testsuite hostname="HP-ENVY-X360-15" failures="0" tests="1" name="test.Exigences" time="24.216" errors="0" timestamp="2023-08-20T20:11:12 EDT" skipped="0">
  <testcase classname="test.Exigences" name="exigence8" time="24.216"/>
</testsuite> <!-- test.Exigences -->
