<?xml version="1.0" encoding="UTF-8"?>
<!-- Generated by org.testng.reporters.JUnitReportReporter -->
<testsuite hostname="HP-ENVY-X360-15" failures="0" tests="7" name="test.Exigences" time="82.514" errors="0" timestamp="2023-08-15T22:06:50 EDT" skipped="0">
  <testcase classname="test.Exigences" name="exigence5" time="12.904"/>
  <testcase classname="test.Exigences" name="exigence7" time="11.133"/>
  <testcase classname="test.Exigences" name="exigence3" time="12.304"/>
  <testcase classname="test.Exigences" name="exigence2" time="11.001"/>
  <testcase classname="test.Exigences" name="exigence4" time="12.444"/>
  <testcase classname="test.Exigences" name="exigence1" time="11.259"/>
  <testcase classname="test.Exigences" name="exigence6" time="11.469"/>
</testsuite> <!-- test.Exigences -->
