<?xml version="1.0" encoding="UTF-8"?>
<!-- Generated by org.testng.reporters.JUnitReportReporter -->
<testsuite hostname="HP-ENVY-X360-15" failures="0" tests="1" name="test.Exigences" time="23.903" errors="0" timestamp="2023-08-28T22:13:14 EDT" skipped="0">
  <testcase classname="test.Exigences" name="exigence2" time="23.903"/>
</testsuite> <!-- test.Exigences -->
